<?xml version="1.0" encoding="UTF-8"?>
<!-- Generated by org.testng.reporters.JUnitReportReporter -->
<testsuite hostname="LENOVO" failures="0" tests="1" name="com.CRM.TestCases.LoginPageTestCase" time="0.944" errors="0" timestamp="2024-07-15T21:08:45 IST" skipped="0">
  <testcase classname="com.CRM.TestCases.LoginPageTestCase" name="validateLogin" time="0.944"/>
  <system-out/>
</testsuite> <!-- com.CRM.TestCases.LoginPageTestCase -->
