<?xml version="1.0" encoding="UTF-8"?>
<!-- Generated by org.testng.reporters.JUnitReportReporter -->
<testsuite hostname="LENOVO" failures="0" tests="3" name="com.CRM.TestCases.HomePageTestCase" time="2.435" errors="0" timestamp="2024-07-17T21:44:56 IST" skipped="0">
  <testcase classname="com.CRM.TestCases.HomePageTestCase" name="verifyUrl" time="0.014"/>
  <system-out/>
  <testcase classname="com.CRM.TestCases.HomePageTestCase" name="velidateSignInLink" time="2.404"/>
  <system-out/>
  <testcase classname="com.CRM.TestCases.HomePageTestCase" name="verifyTitle" time="0.017"/>
  <system-out/>
</testsuite> <!-- com.CRM.TestCases.HomePageTestCase -->
