<?xml version="1.0" encoding="UTF-8"?>
<!-- Generated by org.testng.reporters.JUnitReportReporter -->
<testsuite hostname="LENOVO" failures="0" tests="1" name="com.CRM.TestCases.LoginPageTestCase" time="1.198" errors="0" timestamp="2024-07-17T21:44:56 IST" skipped="0">
  <testcase classname="com.CRM.TestCases.LoginPageTestCase" name="validateLogin" time="1.198"/>
  <system-out/>
</testsuite> <!-- com.CRM.TestCases.LoginPageTestCase -->
