<?xml version="1.0" encoding="UTF-8"?>
<!-- Generated by org.testng.reporters.JUnitReportReporter -->
<testsuite hostname="LENOVO" failures="0" tests="3" name="com.CRM.TestCases.HomePageTestCase" time="2.402" errors="0" timestamp="2024-07-15T21:08:45 IST" skipped="0">
  <testcase classname="com.CRM.TestCases.HomePageTestCase" name="verifyUrl" time="0.010"/>
  <system-out/>
  <testcase classname="com.CRM.TestCases.HomePageTestCase" name="velidateSignInLink" time="2.382"/>
  <system-out/>
  <testcase classname="com.CRM.TestCases.HomePageTestCase" name="verifyTitle" time="0.010"/>
  <system-out/>
</testsuite> <!-- com.CRM.TestCases.HomePageTestCase -->
